<?xml version="1.0" encoding="UTF-8"?>
<!-- Generated by org.testng.reporters.JUnitReportReporter -->
<testsuite hostname="DCOGPUNIN190979" name="com.restassuredtesting.utility.RestReusbaleComponents" tests="1" failures="0" timestamp="4 Jul 2019 06:55:30 GMT" time="1.807" errors="0">
  <testcase name="callRidesAPI" time="1.807" classname="com.restassuredtesting.utility.RestReusbaleComponents"/>
</testsuite> <!-- com.restassuredtesting.utility.RestReusbaleComponents -->
