<?xml version="1.0" encoding="UTF-8"?>
<!-- Generated by org.testng.reporters.JUnitReportReporter -->
<testsuite hostname="DESKTOP-LLLGMOJ" failures="0" tests="1" name="postexamples.Example1" time="3.858" errors="0" timestamp="2023-10-16T09:01:45 IST" skipped="0">
  <testcase classname="postexamples.Example1" name="testCaseForPost3" time="3.858"/>
  <system-out/>
</testsuite> <!-- postexamples.Example1 -->
