<?xml version="1.0" encoding="UTF-8"?>
<!-- Generated by org.testng.reporters.JUnitReportReporter -->
<testsuite hostname="DESKTOP-LLLGMOJ" failures="0" tests="4" name="api.testcase.UserTests" time="11.282" errors="0" timestamp="2023-12-31T08:51:25 IST" skipped="0">
  <testcase classname="api.testcase.UserTests" name="testPostUser" time="5.682"/>
  <testcase classname="api.testcase.UserTests" name="testGetUser" time="1.729"/>
  <testcase classname="api.testcase.UserTests" name="testUpdateUser" time="2.671"/>
  <testcase classname="api.testcase.UserTests" name="testDeleteUser" time="1.200"/>
</testsuite> <!-- api.testcase.UserTests -->
