<?xml version="1.0" encoding="UTF-8"?>
<!-- Generated by org.testng.reporters.JUnitReportReporter -->
<testsuite hostname="DESKTOP-LLLGMOJ" failures="0" tests="1" name="jsonexamples.Example2" time="0.018" errors="0" timestamp="2023-12-30T19:42:21 IST" skipped="0">
  <testcase classname="jsonexamples.Example2" name="createJsonObject" time="0.018"/>
  <system-out/>
</testsuite> <!-- jsonexamples.Example2 -->
