<?xml version="1.0" encoding="UTF-8"?>
<!-- Generated by org.testng.reporters.JUnitReportReporter -->
<testsuite hostname="DESKTOP-LLLGMOJ" failures="0" tests="1" name="jsonexamples.ReadJsonFile" time="0.025" errors="0" timestamp="2023-12-30T20:00:51 IST" skipped="0">
  <testcase classname="jsonexamples.ReadJsonFile" name="testCase" time="0.025"/>
  <system-out/>
</testsuite> <!-- jsonexamples.ReadJsonFile -->
