<?xml version="1.0" encoding="UTF-8"?>
<!-- Generated by org.testng.reporters.JUnitReportReporter -->
<testsuite hostname="DESKTOP-LLLGMOJ" failures="0" tests="1" name="jsonexamples.ReadJsonFile2" time="0.031" errors="0" timestamp="2023-12-30T20:03:39 IST" skipped="0">
  <testcase classname="jsonexamples.ReadJsonFile2" name="testCase1" time="0.031"/>
  <system-out/>
</testsuite> <!-- jsonexamples.ReadJsonFile2 -->
