<?xml version="1.0" encoding="UTF-8"?>
<!-- Generated by org.testng.reporters.JUnitReportReporter -->
<testsuite hostname="DESKTOP-LLLGMOJ" failures="0" tests="1" name="jsonexamples.day2.Example1" time="0.016" errors="0" timestamp="2023-12-30T20:09:11 IST" skipped="0">
  <testcase classname="jsonexamples.day2.Example1" name="stringToJson" time="0.016"/>
  <system-out/>
</testsuite> <!-- jsonexamples.day2.Example1 -->
