<?xml version="1.0" encoding="UTF-8"?>
<!-- Generated by org.testng.reporters.JUnitReportReporter -->
<testsuite hostname="DESKTOP-LLLGMOJ" failures="0" tests="1" name="restassuredOps.Example1" time="3.825" errors="0" timestamp="2023-12-30T20:19:32 IST" skipped="0">
  <testcase classname="restassuredOps.Example1" name="testCaseForPost2" time="3.825"/>
  <system-out/>
</testsuite> <!-- restassuredOps.Example1 -->
